<?xml version="1.0" encoding="UTF-8"?>
<testng-results skipped="0" failed="0" ignored="0" total="1" passed="1">
  <reporter-output>
    <line>
      <![CDATA[Step: 1 Verify the title of login page]]>
    </line>
    <line>
      <![CDATA[Tile is matchingSite for Booking Flights, Hotels, Packages, Trains & Local activities.]]>
    </line>
    <line>
      <![CDATA[Step: 2 Wait till the page is loaded]]>
    </line>
    <line>
      <![CDATA[Step: 3 Click on trip link]]>
    </line>
    <line>
      <![CDATA[Step: 4 Click on Sign in button]]>
    </line>
    <line>
      <![CDATA[Step: 5 switch to the new frame and click the button]]>
    </line>
    <line>
      <![CDATA[Element is present]]>
    </line>
  </reporter-output>
  <suite name="Suite" duration-ms="42160" started-at="2018-04-08T08:04:47Z" finished-at="2018-04-08T08:05:29Z">
    <groups>
    </groups>
    <test name="Test" duration-ms="42160" started-at="2018-04-08T08:04:47Z" finished-at="2018-04-08T08:05:29Z">
      <class name="tests.SignInTest1">
        <test-method status="PASS" signature="setDriverPath()[pri:0, instance:tests.SignInTest1@4cc0edeb]" name="setDriverPath" is-config="true" duration-ms="92" started-at="2018-04-08T13:34:47Z" finished-at="2018-04-08T13:34:47Z">
          <reporter-output>
          </reporter-output>
        </test-method> <!-- setDriverPath -->
        <test-method status="PASS" signature="openApp()[pri:0, instance:tests.SignInTest1@4cc0edeb]" name="openApp" is-config="true" duration-ms="8464" started-at="2018-04-08T13:34:47Z" finished-at="2018-04-08T13:34:55Z">
          <reporter-output>
          </reporter-output>
        </test-method> <!-- openApp -->
        <test-method status="PASS" signature="shouldThrowAnErrorIfSignInDetailsAreMissing()[pri:0, instance:tests.SignInTest1@4cc0edeb]" name="shouldThrowAnErrorIfSignInDetailsAreMissing" duration-ms="32533" started-at="2018-04-08T13:34:55Z" finished-at="2018-04-08T13:35:28Z">
          <reporter-output>
            <line>
              <![CDATA[Step: 1 Verify the title of login page]]>
            </line>
            <line>
              <![CDATA[Tile is matchingSite for Booking Flights, Hotels, Packages, Trains & Local activities.]]>
            </line>
            <line>
              <![CDATA[Step: 2 Wait till the page is loaded]]>
            </line>
            <line>
              <![CDATA[Step: 3 Click on trip link]]>
            </line>
            <line>
              <![CDATA[Step: 4 Click on Sign in button]]>
            </line>
            <line>
              <![CDATA[Step: 5 switch to the new frame and click the button]]>
            </line>
            <line>
              <![CDATA[Element is present]]>
            </line>
          </reporter-output>
        </test-method> <!-- shouldThrowAnErrorIfSignInDetailsAreMissing -->
        <test-method status="PASS" signature="closeApp()[pri:0, instance:tests.SignInTest1@4cc0edeb]" name="closeApp" is-config="true" duration-ms="1141" started-at="2018-04-08T13:35:28Z" finished-at="2018-04-08T13:35:29Z">
          <reporter-output>
          </reporter-output>
        </test-method> <!-- closeApp -->
      </class> <!-- tests.SignInTest1 -->
    </test> <!-- Test -->
  </suite> <!-- Suite -->
</testng-results>
